{"C:\\Users\\ig343\\OneDrive\\Documents\\VS Code Development\\cli-with-color\\src\\commands\\build.js": {"path":"C:\\Users\\ig343\\OneDrive\\Documents\\VS Code Development\\cli-with-color\\src\\commands\\build.js","all":false,"statementMap":{"0":{"start":{"line":1,"column":0},"end":{"line":1,"column":29}},"1":{"start":{"line":2,"column":0},"end":{"line":2,"column":42}},"2":{"start":{"line":3,"column":0},"end":{"line":3,"column":56}},"3":{"start":{"line":4,"column":0},"end":{"line":4,"column":0}},"4":{"start":{"line":5,"column":0},"end":{"line":5,"column":3}},"5":{"start":{"line":6,"column":0},"end":{"line":6,"column":66}},"6":{"start":{"line":7,"column":0},"end":{"line":7,"column":2}},"7":{"start":{"line":8,"column":0},"end":{"line":8,"column":82}},"8":{"start":{"line":9,"column":0},"end":{"line":9,"column":86}},"9":{"start":{"line":10,"column":0},"end":{"line":10,"column":86}},"10":{"start":{"line":11,"column":0},"end":{"line":11,"column":56}},"11":{"start":{"line":12,"column":0},"end":{"line":12,"column":2}},"12":{"start":{"line":13,"column":0},"end":{"line":13,"column":63}},"13":{"start":{"line":14,"column":0},"end":{"line":14,"column":2}},"14":{"start":{"line":15,"column":0},"end":{"line":15,"column":81}},"15":{"start":{"line":16,"column":0},"end":{"line":16,"column":81}},"16":{"start":{"line":17,"column":0},"end":{"line":17,"column":94}},"17":{"start":{"line":18,"column":0},"end":{"line":18,"column":3}},"18":{"start":{"line":19,"column":0},"end":{"line":19,"column":41}},"19":{"start":{"line":20,"column":0},"end":{"line":20,"column":24}},"20":{"start":{"line":21,"column":0},"end":{"line":21,"column":67}},"21":{"start":{"line":22,"column":0},"end":{"line":22,"column":76}},"22":{"start":{"line":23,"column":0},"end":{"line":23,"column":5}},"23":{"start":{"line":24,"column":0},"end":{"line":24,"column":0}},"24":{"start":{"line":25,"column":0},"end":{"line":25,"column":23}},"25":{"start":{"line":26,"column":0},"end":{"line":26,"column":84}},"26":{"start":{"line":27,"column":0},"end":{"line":27,"column":80}},"27":{"start":{"line":28,"column":0},"end":{"line":28,"column":5}},"28":{"start":{"line":29,"column":0},"end":{"line":29,"column":0}},"29":{"start":{"line":30,"column":0},"end":{"line":30,"column":25}},"30":{"start":{"line":31,"column":0},"end":{"line":31,"column":20}},"31":{"start":{"line":32,"column":0},"end":{"line":32,"column":25}},"32":{"start":{"line":33,"column":0},"end":{"line":33,"column":44}},"33":{"start":{"line":34,"column":0},"end":{"line":34,"column":5}},"34":{"start":{"line":35,"column":0},"end":{"line":35,"column":18}},"35":{"start":{"line":36,"column":0},"end":{"line":36,"column":85}},"36":{"start":{"line":37,"column":0},"end":{"line":37,"column":47}},"37":{"start":{"line":38,"column":0},"end":{"line":38,"column":5}},"38":{"start":{"line":39,"column":0},"end":{"line":39,"column":18}},"39":{"start":{"line":40,"column":0},"end":{"line":40,"column":89}},"40":{"start":{"line":41,"column":0},"end":{"line":41,"column":46}},"41":{"start":{"line":42,"column":0},"end":{"line":42,"column":5}},"42":{"start":{"line":43,"column":0},"end":{"line":43,"column":18}},"43":{"start":{"line":44,"column":0},"end":{"line":44,"column":51}},"44":{"start":{"line":45,"column":0},"end":{"line":45,"column":5}},"45":{"start":{"line":46,"column":0},"end":{"line":46,"column":0}},"46":{"start":{"line":47,"column":0},"end":{"line":47,"column":35}},"47":{"start":{"line":48,"column":0},"end":{"line":48,"column":39}},"48":{"start":{"line":49,"column":0},"end":{"line":49,"column":0}},"49":{"start":{"line":50,"column":0},"end":{"line":50,"column":49}},"50":{"start":{"line":51,"column":0},"end":{"line":51,"column":78}},"51":{"start":{"line":52,"column":0},"end":{"line":52,"column":1}},"52":{"start":{"line":53,"column":0},"end":{"line":53,"column":0}},"53":{"start":{"line":54,"column":0},"end":{"line":54,"column":33}}},"s":{"0":1,"1":1,"2":1,"3":1,"4":1,"5":1,"6":1,"7":1,"8":1,"9":1,"10":1,"11":1,"12":1,"13":1,"14":1,"15":1,"16":1,"17":1,"18":12,"19":12,"20":12,"21":1,"22":1,"23":11,"24":11,"25":12,"26":4,"27":4,"28":7,"29":7,"30":7,"31":12,"32":2,"33":2,"34":12,"35":2,"36":2,"37":2,"38":12,"39":2,"40":2,"41":2,"42":12,"43":2,"44":2,"45":7,"46":7,"47":7,"48":7,"49":7,"50":7,"51":7,"52":1,"53":1},"branchMap":{"0":{"type":"branch","line":19,"loc":{"start":{"line":19,"column":0},"end":{"line":52,"column":1}},"locations":[{"start":{"line":19,"column":0},"end":{"line":52,"column":1}}]},"1":{"type":"branch","line":21,"loc":{"start":{"line":21,"column":36},"end":{"line":21,"column":64}},"locations":[{"start":{"line":21,"column":36},"end":{"line":21,"column":64}}]},"2":{"type":"branch","line":21,"loc":{"start":{"line":21,"column":66},"end":{"line":23,"column":5}},"locations":[{"start":{"line":21,"column":66},"end":{"line":23,"column":5}}]},"3":{"type":"branch","line":23,"loc":{"start":{"line":23,"column":4},"end":{"line":26,"column":39}},"locations":[{"start":{"line":23,"column":4},"end":{"line":26,"column":39}}]},"4":{"type":"branch","line":26,"loc":{"start":{"line":26,"column":35},"end":{"line":26,"column":61}},"locations":[{"start":{"line":26,"column":35},"end":{"line":26,"column":61}}]},"5":{"type":"branch","line":26,"loc":{"start":{"line":26,"column":61},"end":{"line":26,"column":81}},"locations":[{"start":{"line":26,"column":61},"end":{"line":26,"column":81}}]},"6":{"type":"branch","line":26,"loc":{"start":{"line":26,"column":83},"end":{"line":28,"column":5}},"locations":[{"start":{"line":26,"column":83},"end":{"line":28,"column":5}}]},"7":{"type":"branch","line":28,"loc":{"start":{"line":28,"column":4},"end":{"line":32,"column":24}},"locations":[{"start":{"line":28,"column":4},"end":{"line":32,"column":24}}]},"8":{"type":"branch","line":32,"loc":{"start":{"line":32,"column":24},"end":{"line":34,"column":5}},"locations":[{"start":{"line":32,"column":24},"end":{"line":34,"column":5}}]},"9":{"type":"branch","line":34,"loc":{"start":{"line":34,"column":4},"end":{"line":35,"column":17}},"locations":[{"start":{"line":34,"column":4},"end":{"line":35,"column":17}}]},"10":{"type":"branch","line":35,"loc":{"start":{"line":35,"column":17},"end":{"line":38,"column":5}},"locations":[{"start":{"line":35,"column":17},"end":{"line":38,"column":5}}]},"11":{"type":"branch","line":38,"loc":{"start":{"line":38,"column":4},"end":{"line":39,"column":17}},"locations":[{"start":{"line":38,"column":4},"end":{"line":39,"column":17}}]},"12":{"type":"branch","line":39,"loc":{"start":{"line":39,"column":17},"end":{"line":42,"column":5}},"locations":[{"start":{"line":39,"column":17},"end":{"line":42,"column":5}}]},"13":{"type":"branch","line":42,"loc":{"start":{"line":42,"column":4},"end":{"line":43,"column":17}},"locations":[{"start":{"line":42,"column":4},"end":{"line":43,"column":17}}]},"14":{"type":"branch","line":43,"loc":{"start":{"line":43,"column":17},"end":{"line":45,"column":5}},"locations":[{"start":{"line":43,"column":17},"end":{"line":45,"column":5}}]},"15":{"type":"branch","line":45,"loc":{"start":{"line":45,"column":4},"end":{"line":52,"column":1}},"locations":[{"start":{"line":45,"column":4},"end":{"line":52,"column":1}}]}},"b":{"0":[12],"1":[3],"2":[1],"3":[11],"4":[9],"5":[8],"6":[4],"7":[7],"8":[2],"9":[7],"10":[2],"11":[7],"12":[2],"13":[7],"14":[2],"15":[7]},"fnMap":{"0":{"name":"buildAction","decl":{"start":{"line":19,"column":0},"end":{"line":52,"column":1}},"loc":{"start":{"line":19,"column":0},"end":{"line":52,"column":1}},"line":19}},"f":{"0":12}}
,"C:\\Users\\ig343\\OneDrive\\Documents\\VS Code Development\\cli-with-color\\src\\utils\\configLoader.js": {"path":"C:\\Users\\ig343\\OneDrive\\Documents\\VS Code Development\\cli-with-color\\src\\utils\\configLoader.js","all":false,"statementMap":{"0":{"start":{"line":1,"column":0},"end":{"line":1,"column":25}},"1":{"start":{"line":2,"column":0},"end":{"line":2,"column":0}},"2":{"start":{"line":3,"column":0},"end":{"line":3,"column":49}},"3":{"start":{"line":4,"column":0},"end":{"line":4,"column":0}},"4":{"start":{"line":5,"column":0},"end":{"line":5,"column":3}},"5":{"start":{"line":6,"column":0},"end":{"line":6,"column":70}},"6":{"start":{"line":7,"column":0},"end":{"line":7,"column":2}},"7":{"start":{"line":8,"column":0},"end":{"line":8,"column":67}},"8":{"start":{"line":9,"column":0},"end":{"line":9,"column":78}},"9":{"start":{"line":10,"column":0},"end":{"line":10,"column":38}},"10":{"start":{"line":11,"column":0},"end":{"line":11,"column":2}},"11":{"start":{"line":12,"column":0},"end":{"line":12,"column":75}},"12":{"start":{"line":13,"column":0},"end":{"line":13,"column":32}},"13":{"start":{"line":14,"column":0},"end":{"line":14,"column":3}},"14":{"start":{"line":15,"column":0},"end":{"line":15,"column":33}},"15":{"start":{"line":16,"column":0},"end":{"line":16,"column":37}},"16":{"start":{"line":17,"column":0},"end":{"line":17,"column":69}},"17":{"start":{"line":18,"column":0},"end":{"line":18,"column":20}},"18":{"start":{"line":19,"column":0},"end":{"line":19,"column":5}},"19":{"start":{"line":20,"column":0},"end":{"line":20,"column":4}},"20":{"start":{"line":21,"column":0},"end":{"line":21,"column":9}},"21":{"start":{"line":22,"column":0},"end":{"line":22,"column":64}},"22":{"start":{"line":23,"column":0},"end":{"line":23,"column":38}},"23":{"start":{"line":24,"column":0},"end":{"line":24,"column":21}},"24":{"start":{"line":25,"column":0},"end":{"line":25,"column":94}},"25":{"start":{"line":26,"column":0},"end":{"line":26,"column":20}},"26":{"start":{"line":27,"column":0},"end":{"line":27,"column":5}},"27":{"start":{"line":28,"column":0},"end":{"line":28,"column":1}},"28":{"start":{"line":29,"column":0},"end":{"line":29,"column":0}},"29":{"start":{"line":30,"column":0},"end":{"line":30,"column":32}}},"s":{"0":1,"1":1,"2":1,"3":1,"4":1,"5":1,"6":1,"7":1,"8":1,"9":1,"10":1,"11":1,"12":1,"13":1,"14":12,"15":12,"16":7,"17":7,"18":7,"19":5,"20":5,"21":5,"22":5,"23":6,"24":3,"25":3,"26":3,"27":12,"28":1,"29":1},"branchMap":{"0":{"type":"branch","line":15,"loc":{"start":{"line":15,"column":0},"end":{"line":28,"column":1}},"locations":[{"start":{"line":15,"column":0},"end":{"line":28,"column":1}}]},"1":{"type":"branch","line":16,"loc":{"start":{"line":16,"column":36},"end":{"line":19,"column":5}},"locations":[{"start":{"line":16,"column":36},"end":{"line":19,"column":5}}]},"2":{"type":"branch","line":19,"loc":{"start":{"line":19,"column":4},"end":{"line":27,"column":5}},"locations":[{"start":{"line":19,"column":4},"end":{"line":27,"column":5}}]},"3":{"type":"branch","line":19,"loc":{"start":{"line":19,"column":4},"end":{"line":24,"column":6}},"locations":[{"start":{"line":19,"column":4},"end":{"line":24,"column":6}}]},"4":{"type":"branch","line":24,"loc":{"start":{"line":24,"column":6},"end":{"line":27,"column":5}},"locations":[{"start":{"line":24,"column":6},"end":{"line":27,"column":5}}]}},"b":{"0":[12],"1":[7],"2":[6],"3":[5],"4":[3]},"fnMap":{"0":{"name":"loadConfig","decl":{"start":{"line":15,"column":0},"end":{"line":28,"column":1}},"loc":{"start":{"line":15,"column":0},"end":{"line":28,"column":1}},"line":15}},"f":{"0":12}}
,"C:\\Users\\ig343\\OneDrive\\Documents\\VS Code Development\\cli-with-color\\src\\utils\\logger.js": {"path":"C:\\Users\\ig343\\OneDrive\\Documents\\VS Code Development\\cli-with-color\\src\\utils\\logger.js","all":false,"statementMap":{"0":{"start":{"line":1,"column":0},"end":{"line":1,"column":31}},"1":{"start":{"line":2,"column":0},"end":{"line":2,"column":0}},"2":{"start":{"line":3,"column":0},"end":{"line":3,"column":16}},"3":{"start":{"line":4,"column":0},"end":{"line":4,"column":31}},"4":{"start":{"line":5,"column":0},"end":{"line":5,"column":55}},"5":{"start":{"line":6,"column":0},"end":{"line":6,"column":4}},"6":{"start":{"line":7,"column":0},"end":{"line":7,"column":31}},"7":{"start":{"line":8,"column":0},"end":{"line":8,"column":57}},"8":{"start":{"line":9,"column":0},"end":{"line":9,"column":4}},"9":{"start":{"line":10,"column":0},"end":{"line":10,"column":32}},"10":{"start":{"line":11,"column":0},"end":{"line":11,"column":57}},"11":{"start":{"line":12,"column":0},"end":{"line":12,"column":4}},"12":{"start":{"line":13,"column":0},"end":{"line":13,"column":34}},"13":{"start":{"line":14,"column":0},"end":{"line":14,"column":59}},"14":{"start":{"line":15,"column":0},"end":{"line":15,"column":3}},"15":{"start":{"line":16,"column":0},"end":{"line":16,"column":2}},"16":{"start":{"line":17,"column":0},"end":{"line":17,"column":0}},"17":{"start":{"line":18,"column":0},"end":{"line":18,"column":24}},"18":{"start":{"line":19,"column":0},"end":{"line":19,"column":0}},"19":{"start":{"line":20,"column":0},"end":{"line":20,"column":17}},"20":{"start":{"line":21,"column":0},"end":{"line":21,"column":44}},"21":{"start":{"line":22,"column":0},"end":{"line":22,"column":0}},"22":{"start":{"line":23,"column":0},"end":{"line":23,"column":52}},"23":{"start":{"line":24,"column":0},"end":{"line":24,"column":45}},"24":{"start":{"line":25,"column":0},"end":{"line":25,"column":45}},"25":{"start":{"line":26,"column":0},"end":{"line":26,"column":48}}},"s":{"0":1,"1":1,"2":1,"3":1,"4":14,"5":1,"6":1,"7":6,"8":1,"9":1,"10":0,"11":1,"12":1,"13":0,"14":0,"15":1,"16":1,"17":1,"18":1,"19":1,"20":1,"21":1,"22":1,"23":1,"24":1,"25":1},"branchMap":{"0":{"type":"branch","line":4,"loc":{"start":{"line":4,"column":8},"end":{"line":6,"column":3}},"locations":[{"start":{"line":4,"column":8},"end":{"line":6,"column":3}}]},"1":{"type":"branch","line":7,"loc":{"start":{"line":7,"column":8},"end":{"line":9,"column":3}},"locations":[{"start":{"line":7,"column":8},"end":{"line":9,"column":3}}]}},"b":{"0":[14],"1":[6]},"fnMap":{"0":{"name":"info","decl":{"start":{"line":4,"column":8},"end":{"line":6,"column":3}},"loc":{"start":{"line":4,"column":8},"end":{"line":6,"column":3}},"line":4},"1":{"name":"warn","decl":{"start":{"line":7,"column":8},"end":{"line":9,"column":3}},"loc":{"start":{"line":7,"column":8},"end":{"line":9,"column":3}},"line":7},"2":{"name":"error","decl":{"start":{"line":10,"column":9},"end":{"line":12,"column":3}},"loc":{"start":{"line":10,"column":9},"end":{"line":12,"column":3}},"line":10},"3":{"name":"success","decl":{"start":{"line":13,"column":11},"end":{"line":15,"column":3}},"loc":{"start":{"line":13,"column":11},"end":{"line":15,"column":3}},"line":13}},"f":{"0":14,"1":6,"2":0,"3":0}}
}
