TN:
SF:src\commands\build.js
FN:19,buildAction
FNF:1
FNH:1
FNDA:12,buildAction
DA:1,1
DA:2,1
DA:3,1
DA:4,1
DA:5,1
DA:6,1
DA:7,1
DA:8,1
DA:9,1
DA:10,1
DA:11,1
DA:12,1
DA:13,1
DA:14,1
DA:15,1
DA:16,1
DA:17,1
DA:18,1
DA:19,12
DA:20,12
DA:21,12
DA:22,1
DA:23,1
DA:24,11
DA:25,11
DA:26,12
DA:27,4
DA:28,4
DA:29,7
DA:30,7
DA:31,7
DA:32,12
DA:33,2
DA:34,2
DA:35,12
DA:36,2
DA:37,2
DA:38,2
DA:39,12
DA:40,2
DA:41,2
DA:42,2
DA:43,12
DA:44,2
DA:45,2
DA:46,7
DA:47,7
DA:48,7
DA:49,7
DA:50,7
DA:51,7
DA:52,7
DA:53,1
DA:54,1
LF:54
LH:54
BRDA:19,0,0,12
BRDA:21,1,0,3
BRDA:21,2,0,1
BRDA:23,3,0,11
BRDA:26,4,0,9
BRDA:26,5,0,8
BRDA:26,6,0,4
BRDA:28,7,0,7
BRDA:32,8,0,2
BRDA:34,9,0,7
BRDA:35,10,0,2
BRDA:38,11,0,7
BRDA:39,12,0,2
BRDA:42,13,0,7
BRDA:43,14,0,2
BRDA:45,15,0,7
BRF:16
BRH:16
end_of_record
TN:
SF:src\utils\configLoader.js
FN:15,loadConfig
FNF:1
FNH:1
FNDA:12,loadConfig
DA:1,1
DA:2,1
DA:3,1
DA:4,1
DA:5,1
DA:6,1
DA:7,1
DA:8,1
DA:9,1
DA:10,1
DA:11,1
DA:12,1
DA:13,1
DA:14,1
DA:15,12
DA:16,12
DA:17,7
DA:18,7
DA:19,7
DA:20,5
DA:21,5
DA:22,5
DA:23,5
DA:24,6
DA:25,3
DA:26,3
DA:27,3
DA:28,12
DA:29,1
DA:30,1
LF:30
LH:30
BRDA:15,0,0,12
BRDA:16,1,0,7
BRDA:19,2,0,6
BRDA:19,3,0,5
BRDA:24,4,0,3
BRF:5
BRH:5
end_of_record
TN:
SF:src\utils\logger.js
FN:4,info
FN:7,warn
FN:10,error
FN:13,success
FNF:4
FNH:2
FNDA:14,info
FNDA:6,warn
FNDA:0,error
FNDA:0,success
DA:1,1
DA:2,1
DA:3,1
DA:4,1
DA:5,14
DA:6,1
DA:7,1
DA:8,6
DA:9,1
DA:10,1
DA:11,0
DA:12,1
DA:13,1
DA:14,0
DA:15,0
DA:16,1
DA:17,1
DA:18,1
DA:19,1
DA:20,1
DA:21,1
DA:22,1
DA:23,1
DA:24,1
DA:25,1
DA:26,1
LF:26
LH:23
BRDA:4,0,0,14
BRDA:7,1,0,6
BRF:2
BRH:2
end_of_record
