TN:
SF:src\commands\build.js
FN:5,buildAction
FNF:1
FNH:1
FNDA:12,buildAction
DA:1,1
DA:2,1
DA:3,1
DA:4,1
DA:5,12
DA:6,12
DA:7,12
DA:8,1
DA:9,1
DA:10,11
DA:11,11
DA:12,12
DA:13,4
DA:14,4
DA:15,7
DA:16,7
DA:17,7
DA:18,12
DA:19,2
DA:20,2
DA:21,12
DA:22,2
DA:23,2
DA:24,2
DA:25,12
DA:26,2
DA:27,2
DA:28,2
DA:29,12
DA:30,2
DA:31,2
DA:32,7
DA:33,7
DA:34,7
DA:35,7
DA:36,1
DA:37,1
LF:37
LH:37
BRDA:5,0,0,12
BRDA:7,1,0,3
BRDA:7,2,0,1
BRDA:9,3,0,11
BRDA:12,4,0,9
BRDA:12,5,0,8
BRDA:12,6,0,4
BRDA:14,7,0,7
BRDA:18,8,0,2
BRDA:20,9,0,7
BRDA:21,10,0,2
BRDA:24,11,0,7
BRDA:25,12,0,2
BRDA:28,13,0,7
BRDA:29,14,0,2
BRDA:31,15,0,7
BRF:16
BRH:16
end_of_record
TN:
SF:src\utils\configLoader.js
FN:5,loadConfig
FNF:1
FNH:1
FNDA:12,loadConfig
DA:1,1
DA:2,1
DA:3,1
DA:4,1
DA:5,12
DA:6,12
DA:7,7
DA:8,7
DA:9,7
DA:10,5
DA:11,5
DA:12,5
DA:13,5
DA:14,6
DA:15,3
DA:16,3
DA:17,3
DA:18,12
DA:19,1
DA:20,1
LF:20
LH:20
BRDA:5,0,0,12
BRDA:6,1,0,7
BRDA:9,2,0,6
BRDA:9,3,0,5
BRDA:14,4,0,3
BRF:5
BRH:5
end_of_record
TN:
SF:src\utils\logger.js
FN:4,info
FN:7,warn
FN:10,error
FN:13,success
FNF:4
FNH:2
FNDA:14,info
FNDA:6,warn
FNDA:0,error
FNDA:0,success
DA:1,1
DA:2,1
DA:3,1
DA:4,1
DA:5,14
DA:6,1
DA:7,1
DA:8,6
DA:9,1
DA:10,1
DA:11,0
DA:12,1
DA:13,1
DA:14,0
DA:15,0
DA:16,1
DA:17,1
DA:18,1
DA:19,1
DA:20,1
DA:21,1
DA:22,1
DA:23,1
DA:24,1
DA:25,1
DA:26,1
LF:26
LH:23
BRDA:4,0,0,14
BRDA:7,1,0,6
BRF:2
BRH:2
end_of_record
